<?xml version="1.0" encoding="UTF-8"?>
<!-- Generated by org.testng.reporters.JUnitReportReporter -->
<testsuite hostname="DESKTOP-SM1TQTB" failures="0" tests="2" name="runner.testNGRunner" time="28.251" errors="0" timestamp="2023-12-02T20:04:31 IST" skipped="0">
  <testcase classname="runner.testNGRunner" name="runScenario" time="7.496"/>
  <system-out/>
  <testcase classname="runner.testNGRunner" name="runScenario" time="20.755"/>
  <system-out/>
</testsuite> <!-- runner.testNGRunner -->
