<?xml version="1.0" encoding="UTF-8"?>
<!-- Generated by org.testng.reporters.JUnitReportReporter -->
<testsuite hostname="DESKTOP-SM1TQTB" failures="0" tests="2" name="runner.testNGRunner" time="32.041" errors="0" timestamp="2023-12-01T15:18:06 IST" skipped="0">
  <testcase classname="runner.testNGRunner" name="runScenario" time="21.242"/>
  <system-out/>
  <testcase classname="runner.testNGRunner" name="runScenario" time="10.799"/>
  <system-out/>
</testsuite> <!-- runner.testNGRunner -->
